INFO [2020-06-22 17:53:53] [[1]]
INFO [2020-06-22 17:53:53] vennlist.4CAR
INFO [2020-06-22 17:53:53] 
INFO [2020-06-22 17:53:53] $fill
INFO [2020-06-22 17:53:53] c("#EE9A00", "#CD3278", "grey", "SpringGreen4")
INFO [2020-06-22 17:53:53] 
INFO [2020-06-22 17:53:53] $alpha
INFO [2020-06-22 17:53:53] c(0.5, 0.5, 0.5, 0.5)
INFO [2020-06-22 17:53:53] 
INFO [2020-06-22 17:53:53] $cat.cex
INFO [2020-06-22 17:53:53] [1] 2
INFO [2020-06-22 17:53:53] 
INFO [2020-06-22 17:53:53] $cat.pos
INFO [2020-06-22 17:53:53] [1] 0
INFO [2020-06-22 17:53:53] 
INFO [2020-06-22 17:53:53] $sub.cex
INFO [2020-06-22 17:53:53] [1] 4
INFO [2020-06-22 17:53:53] 
INFO [2020-06-22 17:53:53] $col
INFO [2020-06-22 17:53:53] [1] "transparent"
INFO [2020-06-22 17:53:53] 
INFO [2020-06-22 17:53:53] $cex
INFO [2020-06-22 17:53:53] [1] 2
INFO [2020-06-22 17:53:53] 
INFO [2020-06-22 17:53:53] $fontfamily
INFO [2020-06-22 17:53:53] [1] "serif"
INFO [2020-06-22 17:53:53] 
INFO [2020-06-22 17:53:53] $filename
INFO [2020-06-22 17:53:53] [1] "../Data/L.BB_28_Third_NM.png"
INFO [2020-06-22 17:53:53] 
